<?xml version="1.0" encoding="UTF-8"?>
<!-- Generated by org.testng.reporters.JUnitXMLReporter -->
<testsuite ignored="4" hostname="DESKTOP-5690C3M" failures="0" tests="4" name="Test" time="0.715" errors="0" timestamp="2023-11-30T12:30:29 IST">
  <testcase classname="com.OTM.GenericUtils.BaseClassTest" name="cofig_AC" time="0.026"/>
  <testcase classname="com.OTM.GenericUtils.BaseClassTest" name="config_BC" time="0.004"/>
  <testcase classname="com.OTM.GenericUtils.ClassTwoTest" name="classTwoMethod1" time="0.002"/>
  <testcase classname="com.OTM.GenericUtils.ClassTwoTest" name="classTwoMethod4" time="0.003"/>
  <testcase classname="com.OTM.GenericUtils.BaseClassTest" name="config_AM" time="0.0">
    <ignored/>
  </testcase> <!-- config_AM -->
  <testcase classname="com.OTM.GenericUtils.BaseClassTest" name="config_BM" time="0.0">
    <ignored/>
  </testcase> <!-- config_BM -->
  <testcase classname="com.OTM.GenericUtils.ClassTwoTest" name="classTwoMethod3" time="0.0">
    <ignored/>
  </testcase> <!-- classTwoMethod3 -->
  <testcase classname="com.OTM.GenericUtils.ClassTwoTest" name="classTwoMethod2" time="0.0">
    <ignored/>
  </testcase> <!-- classTwoMethod2 -->
</testsuite> <!-- Test -->
