<?xml version="1.0" encoding="UTF-8"?>
<!-- Generated by org.testng.reporters.JUnitXMLReporter -->
<testsuite ignored="0" hostname="DESKTOP-5690C3M" failures="0" tests="4" name="Default test" time="0.675" errors="0" timestamp="2023-11-30T17:52:17 IST">
  <testcase classname="com.OTM.GenericUtils.BaseClassTest" name="cofig_AC" time="0.128"/>
  <testcase classname="com.OTM.GenericUtils.BaseClassTest" name="config_AM" time="0.004"/>
  <testcase classname="com.OTM.GenericUtils.BaseClassTest" name="config_BC" time="0.006"/>
  <testcase classname="com.OTM.GenericUtils.BaseClassTest" name="config_BM" time="0.004"/>
</testsuite> <!-- Default test -->
